<?xml version="1.0" encoding="UTF-8"?>
<!-- Generated by org.testng.reporters.JUnitReportReporter -->
<testsuite skipped="0" hostname="DELL-5559" name="roi.roitest.ScreenKeyBoardTest" tests="2" failures="0" timestamp="13 трав. 2018 20:43:52 GMT" time="4.441" errors="0">
  <testcase name="testKeyboardAppearance" time="1.125" classname="roi.roitest.ScreenKeyBoardTest"/>
  <testcase name="testKeyBoardClose" time="3.316" classname="roi.roitest.ScreenKeyBoardTest"/>
</testsuite> <!-- roi.roitest.ScreenKeyBoardTest -->
